[master 653e975] auto: 2026-06-28-12:29:56
 12 files changed, 211 insertions(+), 122 deletions(-)
 create mode 100644 sync.log
To https://github.com/LanRhyme/dotfiles.git
   4984c54..653e975  master -> master
[master fbcf454] auto: 2026-06-28-14:00:00
 10 files changed, 53 insertions(+), 62 deletions(-)
 rename dot_config/noctalia/{apply-morandi.sh => executable_apply-morandi.sh} (100%)
 mode change 100755 => 100644
 rename dot_config/noctalia/{morandi-gen.py => executable_morandi-gen.py} (100%)
 mode change 100755 => 100644
To https://github.com/LanRhyme/dotfiles.git
   efd46b5..fbcf454  master -> master
chezmoi: .config/kando: inconsistent state (/home/lanrhyme/.local/share/chezmoi/dot_config/kando, /home/lanrhyme/.local/share/chezmoi/dot_config/private_kando)
.config/kando/config.json: inconsistent state (/home/lanrhyme/.local/share/chezmoi/dot_config/kando/config.json, /home/lanrhyme/.local/share/chezmoi/dot_config/private_kando/config.json)
chezmoi: .config/kando: inconsistent state (/home/lanrhyme/.local/share/chezmoi/dot_config/kando, /home/lanrhyme/.local/share/chezmoi/dot_config/private_kando)
.config/kando/config.json: inconsistent state (/home/lanrhyme/.local/share/chezmoi/dot_config/kando/config.json, /home/lanrhyme/.local/share/chezmoi/dot_config/private_kando/config.json)
chezmoi: .config/kando: inconsistent state (/home/lanrhyme/.local/share/chezmoi/dot_config/kando, /home/lanrhyme/.local/share/chezmoi/dot_config/private_kando)
.config/kando/config.json: inconsistent state (/home/lanrhyme/.local/share/chezmoi/dot_config/kando/config.json, /home/lanrhyme/.local/share/chezmoi/dot_config/private_kando/config.json)
[master e078526] auto: 2026-06-29-00:57:40
 104 files changed, 881 insertions(+), 452 deletions(-)
 create mode 100644 dot_config/nvim/colors/morandi.lua
 create mode 100644 dot_config/nvim/lua/plugins/cursor.lua
 create mode 100644 dot_config/nvim/lua/plugins/themes/morandi/init.lua
 rename dot_config/{private_kando => private_kando_backup}/.keep (100%)
 rename dot_config/{private_kando => private_kando_backup}/README.md (100%)
 rename dot_config/{private_kando => private_kando_backup}/achievements.json (100%)
 rename dot_config/{private_kando => private_kando_backup}/config.json (100%)
 rename dot_config/{private_kando => private_kando_backup}/electron-flags.conf (100%)
 rename dot_config/{private_kando => private_kando_backup}/icon-themes/.keep (100%)
 rename dot_config/{private_kando => private_kando_backup}/ipc-info.json (100%)
 rename dot_config/{private_kando => private_kando_backup}/menu-themes/.keep (100%)
 rename dot_config/{private_kando => private_kando_backup}/menus.json (100%)
 rename dot_config/{private_kando => private_kando_backup}/private_session/private_Cache/private_Cache_Data/private_5283edf90cf4ab50_0 (100%)
 rename dot_config/{private_kando => private_kando_backup}/private_session/private_Cache/private_Cache_Data/private_8781b6b3d8a0b101_0 (100%)
 rename dot_config/{private_kando => private_kando_backup}/private_session/private_Cache/private_Cache_Data/private_index (100%)
 rename dot_config/{private_kando => private_kando_backup}/private_session/private_Cache/private_Cache_Data/private_index-dir/private_the-real-index (100%)
 rename dot_config/{private_kando => private_kando_backup}/private_session/private_Cache/private_No_Vary_Search/private_journal.baj (100%)
 rename dot_config/{private_kando => private_kando_backup}/private_session/private_Cache/private_No_Vary_Search/private_snapshot.baf (100%)
 rename dot_config/{private_kando => private_kando_backup}/private_session/private_Code Cache/private_js/private_index (100%)
 rename dot_config/{private_kando => private_kando_backup}/private_session/private_Code Cache/private_js/private_index-dir/private_the-real-index (100%)
 rename dot_config/{private_kando => private_kando_backup}/private_session/private_Code Cache/private_wasm/private_index (100%)
 rename dot_config/{private_kando => private_kando_backup}/private_session/private_Code Cache/private_wasm/private_index-dir/private_the-real-index (100%)
 rename dot_config/{private_kando => private_kando_backup}/private_session/private_Cookies (100%)
 rename dot_config/{private_kando => private_kando_backup}/private_session/private_DIPS (100%)
 rename dot_config/{private_kando => private_kando_backup}/private_session/private_DIPS-wal (100%)
 rename dot_config/{private_kando => private_kando_backup}/private_session/private_DawnGraphiteCache/private_data_0 (100%)
 rename dot_config/{private_kando => private_kando_backup}/private_session/private_DawnGraphiteCache/private_data_1 (100%)
 rename dot_config/{private_kando => private_kando_backup}/private_session/private_DawnGraphiteCache/private_data_2 (100%)
 rename dot_config/{private_kando => private_kando_backup}/private_session/private_DawnGraphiteCache/private_data_3 (100%)
 rename dot_config/{private_kando => private_kando_backup}/private_session/private_DawnGraphiteCache/private_index (100%)
 rename dot_config/{private_kando => private_kando_backup}/private_session/private_DawnWebGPUCache/private_data_0 (100%)
 rename dot_config/{private_kando => private_kando_backup}/private_session/private_DawnWebGPUCache/private_data_1 (100%)
 rename dot_config/{private_kando => private_kando_backup}/private_session/private_DawnWebGPUCache/private_data_2 (100%)
 rename dot_config/{private_kando => private_kando_backup}/private_session/private_DawnWebGPUCache/private_data_3 (100%)
 rename dot_config/{private_kando => private_kando_backup}/private_session/private_DawnWebGPUCache/private_index (100%)
 rename dot_config/{private_kando => private_kando_backup}/private_session/private_Dictionaries/en-US-10-1.bdic (100%)
 rename dot_config/{private_kando => private_kando_backup}/private_session/private_GPUCache/private_data_0 (100%)
 rename dot_config/{private_kando => private_kando_backup}/private_session/private_GPUCache/private_data_1 (100%)
 rename dot_config/{private_kando => private_kando_backup}/private_session/private_GPUCache/private_data_2 (100%)
 rename dot_config/{private_kando => private_kando_backup}/private_session/private_GPUCache/private_data_3 (100%)
 rename dot_config/{private_kando => private_kando_backup}/private_session/private_GPUCache/private_index (100%)
 rename dot_config/{private_kando => private_kando_backup}/private_session/private_Local State (100%)
 rename dot_config/{private_kando => private_kando_backup}/private_session/private_Local Storage/private_leveldb/private_000003.log (100%)
 rename dot_config/{private_kando => private_kando_backup}/private_session/private_Local Storage/private_leveldb/private_CURRENT (100%)
 rename dot_config/{private_kando => private_kando_backup}/private_session/private_Local Storage/private_leveldb/private_LOG (100%)
 rename dot_config/{private_kando => private_kando_backup}/private_session/private_Local Storage/private_leveldb/private_LOG.old (100%)
 rename dot_config/{private_kando => private_kando_backup}/private_session/private_Local Storage/private_leveldb/private_MANIFEST-000001 (100%)
 rename dot_config/{private_kando => private_kando_backup}/private_session/private_Local Storage/private_leveldb/private_empty_LOCK (100%)
 rename dot_config/{private_kando => private_kando_backup}/private_session/private_Network Persistent State (100%)
 rename dot_config/{private_kando => private_kando_backup}/private_session/private_Preferences (100%)
 rename dot_config/{private_kando => private_kando_backup}/private_session/private_Session Storage/private_000003.log (100%)
 rename dot_config/{private_kando => private_kando_backup}/private_session/private_Session Storage/private_CURRENT (100%)
 rename dot_config/{private_kando => private_kando_backup}/private_session/private_Session Storage/private_LOG (100%)
 rename dot_config/{private_kando => private_kando_backup}/private_session/private_Session Storage/private_LOG.old (100%)
 rename dot_config/{private_kando => private_kando_backup}/private_session/private_Session Storage/private_MANIFEST-000001 (100%)
 rename dot_config/{private_kando => private_kando_backup}/private_session/private_Session Storage/private_empty_LOCK (100%)
 rename dot_config/{private_kando => private_kando_backup}/private_session/private_Shared Dictionary/private_cache/private_index (100%)
 rename dot_config/{private_kando => private_kando_backup}/private_session/private_Shared Dictionary/private_cache/private_index-dir/private_the-real-index (100%)
 rename dot_config/{private_kando => private_kando_backup}/private_session/private_Shared Dictionary/private_db (100%)
 rename dot_config/{private_kando => private_kando_backup}/private_session/private_Shared Dictionary/private_empty_db-journal (100%)
 rename dot_config/{private_kando => private_kando_backup}/private_session/private_SharedStorage (100%)
 rename dot_config/{private_kando => private_kando_backup}/private_session/private_Trust Tokens (100%)
 rename dot_config/{private_kando => private_kando_backup}/private_session/private_VideoDecodeStats/private_empty_LOCK (100%)
 rename dot_config/{private_kando => private_kando_backup}/private_session/private_VideoDecodeStats/private_empty_LOG (100%)
 rename dot_config/{private_kando => private_kando_backup}/private_session/private_VideoDecodeStats/private_empty_LOG.old (100%)
 rename dot_config/{private_kando => private_kando_backup}/private_session/private_blob_storage/private_a1e48929-524c-4c7e-9a9a-5ab4f47ab4ac/.keep (100%)
 rename dot_config/{private_kando => private_kando_backup}/private_session/private_empty_Cookies-journal (100%)
 rename dot_config/{private_kando => private_kando_backup}/private_session/private_empty_SharedStorage-wal (100%)
 rename dot_config/{private_kando => private_kando_backup}/private_session/private_empty_Trust Tokens-journal (100%)
 rename dot_config/{private_kando => private_kando_backup}/private_session/private_logs/.keep (100%)
 rename dot_config/{private_kando => private_kando_backup}/private_session/private_shared_proto_db/private_000003.log (100%)
 rename dot_config/{private_kando => private_kando_backup}/private_session/private_shared_proto_db/private_CURRENT (100%)
 rename dot_config/{private_kando => private_kando_backup}/private_session/private_shared_proto_db/private_LOG (100%)
 rename dot_config/{private_kando => private_kando_backup}/private_session/private_shared_proto_db/private_LOG.old (100%)
 rename dot_config/{private_kando => private_kando_backup}/private_session/private_shared_proto_db/private_MANIFEST-000001 (100%)
 rename dot_config/{private_kando => private_kando_backup}/private_session/private_shared_proto_db/private_empty_LOCK (100%)
 rename dot_config/{private_kando => private_kando_backup}/private_session/private_shared_proto_db/private_metadata/private_000003.log (100%)
 rename dot_config/{private_kando => private_kando_backup}/private_session/private_shared_proto_db/private_metadata/private_CURRENT (100%)
 rename dot_config/{private_kando => private_kando_backup}/private_session/private_shared_proto_db/private_metadata/private_LOG (100%)
 rename dot_config/{private_kando => private_kando_backup}/private_session/private_shared_proto_db/private_metadata/private_LOG.old (100%)
 rename dot_config/{private_kando => private_kando_backup}/private_session/private_shared_proto_db/private_metadata/private_MANIFEST-000001 (100%)
 rename dot_config/{private_kando => private_kando_backup}/private_session/private_shared_proto_db/private_metadata/private_empty_LOCK (100%)
 rename dot_config/{private_kando => private_kando_backup}/sound-themes/.keep (100%)
致命错误：无法访问 'https://github.com/LanRhyme/dotfiles.git/'：TLS connect error: error:0A000126:SSL routines::unexpected eof while reading
